<?xml version="1.0" encoding="UTF-8"?>
<!-- Generated by org.testng.reporters.JUnitXMLReporter -->
<testsuite ignored="0" hostname="ashok" failures="1" tests="1" name="Test(failed)(failed)" time="51.335" errors="0" timestamp="2024-10-08T10:16:28 IST">
  <testcase classname="testCases.TC002_LoginTest" name="verifylogin" time="31.11">
    <failure type="java.lang.AssertionError" message="login failed expected [true] but found [false]">
      <![CDATA[java.lang.AssertionError: login failed expected [true] but found [false]
at testCases.TC002_LoginTest.verifylogin(TC002_LoginTest.java:32)
at java.base/java.util.ArrayList.forEach(ArrayList.java:1597)
... Removed 31 stack frames]]>
    </failure>
  </testcase> <!-- verifylogin -->
</testsuite> <!-- Test(failed)(failed) -->
