<?xml version="1.0" encoding="UTF-8"?>
<!-- Generated by org.testng.reporters.JUnitXMLReporter -->
<testsuite ignored="0" hostname="ashok" failures="0" tests="8" name="Test" time="121.666" errors="0" timestamp="2024-12-19T13:09:52 IST">
  <testcase classname="testCases.TC001_AccountRegistrationTest1" name="accountregestrationtest" time="2.043"/>
  <testcase classname="testCases.TC002_LoginTest" name="verifylogin" time="4.514"/>
  <testcase classname="testCases.TC003_LoginDDT" name="verifylogindata" time="21.107"/>
  <testcase classname="testCases.TC003_LoginDDT" name="verifylogindata" time="21.2"/>
  <testcase classname="testCases.TC003_LoginDDT" name="verifylogindata" time="21.406"/>
  <testcase classname="testCases.TC003_LoginDDT" name="verifylogindata" time="21.263"/>
  <testcase classname="testCases.TC003_LoginDDT" name="verifylogindata" time="1.616"/>
  <testcase classname="testCases.TC003_LoginDDT" name="verifylogindata" time="2.129"/>
</testsuite> <!-- Test -->
