<?xml version="1.0" encoding="UTF-8"?>
<!-- Generated by org.testng.reporters.JUnitXMLReporter -->
<testsuite ignored="0" hostname="ashok" failures="0" tests="8" name="Test" time="123.891" errors="0" timestamp="2024-12-18T15:22:38 IST">
  <testcase classname="testCases.TC001_AccountRegistrationTest1" name="accountregestrationtest" time="2.884"/>
  <testcase classname="testCases.TC002_LoginTest" name="verifylogin" time="4.934"/>
  <testcase classname="testCases.TC003_LoginDDT" name="verifylogindata" time="21.351"/>
  <testcase classname="testCases.TC003_LoginDDT" name="verifylogindata" time="21.203"/>
  <testcase classname="testCases.TC003_LoginDDT" name="verifylogindata" time="21.38"/>
  <testcase classname="testCases.TC003_LoginDDT" name="verifylogindata" time="21.014"/>
  <testcase classname="testCases.TC003_LoginDDT" name="verifylogindata" time="1.88"/>
  <testcase classname="testCases.TC003_LoginDDT" name="verifylogindata" time="2.083"/>
</testsuite> <!-- Test -->
