<?xml version="1.0" encoding="UTF-8"?>
<testng-results ignored="0" total="8" passed="8" failed="0" skipped="0">
  <reporter-output>
  </reporter-output>
  <suite started-at="2024-12-18T15:20:34 IST" name="Suite" finished-at="2024-12-18T15:22:37 IST" duration-ms="123891">
    <groups>
      <group name="Master">
        <method signature="TC001_AccountRegistrationTest1.accountregestrationtest()[pri:0, instance:testCases.TC001_AccountRegistrationTest1@609e8838]" name="accountregestrationtest" class="testCases.TC001_AccountRegistrationTest1"/>
        <method signature="TC002_LoginTest.verifylogin()[pri:0, instance:testCases.TC002_LoginTest@19932c16]" name="verifylogin" class="testCases.TC002_LoginTest"/>
      </group> <!-- Master -->
      <group name="Sanity">
        <method signature="TC002_LoginTest.verifylogin()[pri:0, instance:testCases.TC002_LoginTest@19932c16]" name="verifylogin" class="testCases.TC002_LoginTest"/>
      </group> <!-- Sanity -->
      <group name="DataDriven">
        <method signature="TC003_LoginDDT.verifylogindata(java.lang.String,java.lang.String,java.lang.String)[pri:0, instance:testCases.TC003_LoginDDT@73eb439a]" name="verifylogindata" class="testCases.TC003_LoginDDT"/>
      </group> <!-- DataDriven -->
      <group name="Regression">
        <method signature="TC001_AccountRegistrationTest1.accountregestrationtest()[pri:0, instance:testCases.TC001_AccountRegistrationTest1@609e8838]" name="accountregestrationtest" class="testCases.TC001_AccountRegistrationTest1"/>
      </group> <!-- Regression -->
    </groups>
    <test started-at="2024-12-18T15:20:34 IST" name="Test" finished-at="2024-12-18T15:22:37 IST" duration-ms="123891">
      <class name="testCases.TC002_LoginTest">
        <test-method is-config="true" signature="setup(java.lang.String,java.lang.String)[pri:0, instance:testCases.TC002_LoginTest@19932c16]" started-at="2024-12-18T15:20:50 IST" name="setup" finished-at="2024-12-18T15:20:56 IST" duration-ms="5919" status="PASS">
          <params>
            <param index="0">
              <value>
                <![CDATA[chrome]]>
              </value>
            </param>
            <param index="1">
              <value>
                <![CDATA[windows]]>
              </value>
            </param>
          </params>
          <reporter-output>
          </reporter-output>
        </test-method> <!-- setup -->
        <test-method signature="verifylogin()[pri:0, instance:testCases.TC002_LoginTest@19932c16]" started-at="2024-12-18T15:20:56 IST" name="verifylogin" finished-at="2024-12-18T15:21:01 IST" duration-ms="4934" status="PASS">
          <reporter-output>
          </reporter-output>
        </test-method> <!-- verifylogin -->
        <test-method is-config="true" signature="teardown()[pri:0, instance:testCases.TC002_LoginTest@19932c16]" started-at="2024-12-18T15:21:01 IST" name="teardown" finished-at="2024-12-18T15:21:01 IST" duration-ms="416" status="PASS">
          <reporter-output>
          </reporter-output>
        </test-method> <!-- teardown -->
      </class> <!-- testCases.TC002_LoginTest -->
      <class name="testCases.TC003_LoginDDT">
        <test-method is-config="true" signature="setup(java.lang.String,java.lang.String)[pri:0, instance:testCases.TC003_LoginDDT@73eb439a]" started-at="2024-12-18T15:21:01 IST" name="setup" finished-at="2024-12-18T15:21:07 IST" duration-ms="5836" status="PASS">
          <params>
            <param index="0">
              <value>
                <![CDATA[chrome]]>
              </value>
            </param>
            <param index="1">
              <value>
                <![CDATA[windows]]>
              </value>
            </param>
          </params>
          <reporter-output>
          </reporter-output>
        </test-method> <!-- setup -->
        <test-method signature="verifylogindata(java.lang.String,java.lang.String,java.lang.String)[pri:0, instance:testCases.TC003_LoginDDT@73eb439a]" started-at="2024-12-18T15:21:08 IST" name="verifylogindata" data-provider="Logindata" finished-at="2024-12-18T15:21:30 IST" duration-ms="21351" status="PASS">
          <params>
            <param index="0">
              <value>
                <![CDATA[afqash@gmail.com]]>
              </value>
            </param>
            <param index="1">
              <value>
                <![CDATA[test1@123]]>
              </value>
            </param>
            <param index="2">
              <value>
                <![CDATA[Invalid]]>
              </value>
            </param>
          </params>
          <reporter-output>
          </reporter-output>
        </test-method> <!-- verifylogindata -->
        <test-method signature="verifylogindata(java.lang.String,java.lang.String,java.lang.String)[pri:0, instance:testCases.TC003_LoginDDT@73eb439a]" started-at="2024-12-18T15:21:30 IST" name="verifylogindata" data-provider="Logindata" finished-at="2024-12-18T15:21:51 IST" duration-ms="21203" status="PASS">
          <params>
            <param index="0">
              <value>
                <![CDATA[pavanoltraining@gmail.com]]>
              </value>
            </param>
            <param index="1">
              <value>
                <![CDATA[test@1234]]>
              </value>
            </param>
            <param index="2">
              <value>
                <![CDATA[Invalid]]>
              </value>
            </param>
          </params>
          <reporter-output>
          </reporter-output>
        </test-method> <!-- verifylogindata -->
        <test-method signature="verifylogindata(java.lang.String,java.lang.String,java.lang.String)[pri:0, instance:testCases.TC003_LoginDDT@73eb439a]" started-at="2024-12-18T15:21:51 IST" name="verifylogindata" data-provider="Logindata" finished-at="2024-12-18T15:22:12 IST" duration-ms="21380" status="PASS">
          <params>
            <param index="0">
              <value>
                <![CDATA[sai@gmail.com]]>
              </value>
            </param>
            <param index="1">
              <value>
                <![CDATA[ssa@123]]>
              </value>
            </param>
            <param index="2">
              <value>
                <![CDATA[Invalid]]>
              </value>
            </param>
          </params>
          <reporter-output>
          </reporter-output>
        </test-method> <!-- verifylogindata -->
        <test-method signature="verifylogindata(java.lang.String,java.lang.String,java.lang.String)[pri:0, instance:testCases.TC003_LoginDDT@73eb439a]" started-at="2024-12-18T15:22:12 IST" name="verifylogindata" data-provider="Logindata" finished-at="2024-12-18T15:22:33 IST" duration-ms="21014" status="PASS">
          <params>
            <param index="0">
              <value>
                <![CDATA[akhil@gmail.com]]>
              </value>
            </param>
            <param index="1">
              <value>
                <![CDATA[test@123]]>
              </value>
            </param>
            <param index="2">
              <value>
                <![CDATA[Invalid]]>
              </value>
            </param>
          </params>
          <reporter-output>
          </reporter-output>
        </test-method> <!-- verifylogindata -->
        <test-method signature="verifylogindata(java.lang.String,java.lang.String,java.lang.String)[pri:0, instance:testCases.TC003_LoginDDT@73eb439a]" started-at="2024-12-18T15:22:33 IST" name="verifylogindata" data-provider="Logindata" finished-at="2024-12-18T15:22:35 IST" duration-ms="1880" status="PASS">
          <params>
            <param index="0">
              <value>
                <![CDATA[yashwanthyadav010@gmail.com]]>
              </value>
            </param>
            <param index="1">
              <value>
                <![CDATA[Yash@123]]>
              </value>
            </param>
            <param index="2">
              <value>
                <![CDATA[valid]]>
              </value>
            </param>
          </params>
          <reporter-output>
          </reporter-output>
        </test-method> <!-- verifylogindata -->
        <test-method signature="verifylogindata(java.lang.String,java.lang.String,java.lang.String)[pri:0, instance:testCases.TC003_LoginDDT@73eb439a]" started-at="2024-12-18T15:22:35 IST" name="verifylogindata" data-provider="Logindata" finished-at="2024-12-18T15:22:37 IST" duration-ms="2083" status="PASS">
          <params>
            <param index="0">
              <value>
                <![CDATA[rajesh111@gmail.com]]>
              </value>
            </param>
            <param index="1">
              <value>
                <![CDATA[raj@123]]>
              </value>
            </param>
            <param index="2">
              <value>
                <![CDATA[valid]]>
              </value>
            </param>
          </params>
          <reporter-output>
          </reporter-output>
        </test-method> <!-- verifylogindata -->
        <test-method is-config="true" signature="teardown()[pri:0, instance:testCases.TC003_LoginDDT@73eb439a]" started-at="2024-12-18T15:22:37 IST" name="teardown" finished-at="2024-12-18T15:22:37 IST" duration-ms="383" status="PASS">
          <reporter-output>
          </reporter-output>
        </test-method> <!-- teardown -->
      </class> <!-- testCases.TC003_LoginDDT -->
      <class name="testCases.TC001_AccountRegistrationTest1">
        <test-method is-config="true" signature="setup(java.lang.String,java.lang.String)[pri:0, instance:testCases.TC001_AccountRegistrationTest1@609e8838]" started-at="2024-12-18T15:20:34 IST" name="setup" finished-at="2024-12-18T15:20:47 IST" duration-ms="12679" status="PASS">
          <params>
            <param index="0">
              <value>
                <![CDATA[chrome]]>
              </value>
            </param>
            <param index="1">
              <value>
                <![CDATA[windows]]>
              </value>
            </param>
          </params>
          <reporter-output>
          </reporter-output>
        </test-method> <!-- setup -->
        <test-method signature="accountregestrationtest()[pri:0, instance:testCases.TC001_AccountRegistrationTest1@609e8838]" started-at="2024-12-18T15:20:47 IST" name="accountregestrationtest" finished-at="2024-12-18T15:20:49 IST" duration-ms="2884" status="PASS">
          <reporter-output>
          </reporter-output>
        </test-method> <!-- accountregestrationtest -->
        <test-method is-config="true" signature="teardown()[pri:0, instance:testCases.TC001_AccountRegistrationTest1@609e8838]" started-at="2024-12-18T15:20:49 IST" name="teardown" finished-at="2024-12-18T15:20:50 IST" duration-ms="435" status="PASS">
          <reporter-output>
          </reporter-output>
        </test-method> <!-- teardown -->
      </class> <!-- testCases.TC001_AccountRegistrationTest1 -->
    </test> <!-- Test -->
  </suite> <!-- Suite -->
</testng-results>
