<?xml version="1.0" encoding="UTF-8"?>
<testng-results ignored="0" total="8" passed="8" failed="0" skipped="0">
  <reporter-output>
  </reporter-output>
  <suite started-at="2024-12-19T13:07:49 IST" name="Suite" finished-at="2024-12-19T13:09:51 IST" duration-ms="121666">
    <groups>
      <group name="Master">
        <method signature="TC001_AccountRegistrationTest1.accountregestrationtest()[pri:0, instance:testCases.TC001_AccountRegistrationTest1@5fb759d6]" name="accountregestrationtest" class="testCases.TC001_AccountRegistrationTest1"/>
        <method signature="TC002_LoginTest.verifylogin()[pri:0, instance:testCases.TC002_LoginTest@15888343]" name="verifylogin" class="testCases.TC002_LoginTest"/>
      </group> <!-- Master -->
      <group name="Sanity">
        <method signature="TC002_LoginTest.verifylogin()[pri:0, instance:testCases.TC002_LoginTest@15888343]" name="verifylogin" class="testCases.TC002_LoginTest"/>
      </group> <!-- Sanity -->
      <group name="DataDriven">
        <method signature="TC003_LoginDDT.verifylogindata(java.lang.String,java.lang.String,java.lang.String)[pri:0, instance:testCases.TC003_LoginDDT@33ecda92]" name="verifylogindata" class="testCases.TC003_LoginDDT"/>
      </group> <!-- DataDriven -->
      <group name="Regression">
        <method signature="TC001_AccountRegistrationTest1.accountregestrationtest()[pri:0, instance:testCases.TC001_AccountRegistrationTest1@5fb759d6]" name="accountregestrationtest" class="testCases.TC001_AccountRegistrationTest1"/>
      </group> <!-- Regression -->
    </groups>
    <test started-at="2024-12-19T13:07:49 IST" name="Test" finished-at="2024-12-19T13:09:51 IST" duration-ms="121666">
      <class name="testCases.TC002_LoginTest">
        <test-method is-config="true" signature="setup(java.lang.String,java.lang.String)[pri:0, instance:testCases.TC002_LoginTest@15888343]" started-at="2024-12-19T13:08:04 IST" name="setup" finished-at="2024-12-19T13:08:10 IST" duration-ms="5584" status="PASS">
          <params>
            <param index="0">
              <value>
                <![CDATA[chrome]]>
              </value>
            </param>
            <param index="1">
              <value>
                <![CDATA[windows]]>
              </value>
            </param>
          </params>
          <reporter-output>
          </reporter-output>
        </test-method> <!-- setup -->
        <test-method signature="verifylogin()[pri:0, instance:testCases.TC002_LoginTest@15888343]" started-at="2024-12-19T13:08:10 IST" name="verifylogin" finished-at="2024-12-19T13:08:14 IST" duration-ms="4514" status="PASS">
          <reporter-output>
          </reporter-output>
        </test-method> <!-- verifylogin -->
        <test-method is-config="true" signature="teardown()[pri:0, instance:testCases.TC002_LoginTest@15888343]" started-at="2024-12-19T13:08:14 IST" name="teardown" finished-at="2024-12-19T13:08:15 IST" duration-ms="514" status="PASS">
          <reporter-output>
          </reporter-output>
        </test-method> <!-- teardown -->
      </class> <!-- testCases.TC002_LoginTest -->
      <class name="testCases.TC003_LoginDDT">
        <test-method is-config="true" signature="setup(java.lang.String,java.lang.String)[pri:0, instance:testCases.TC003_LoginDDT@33ecda92]" started-at="2024-12-19T13:08:15 IST" name="setup" finished-at="2024-12-19T13:08:20 IST" duration-ms="5426" status="PASS">
          <params>
            <param index="0">
              <value>
                <![CDATA[chrome]]>
              </value>
            </param>
            <param index="1">
              <value>
                <![CDATA[windows]]>
              </value>
            </param>
          </params>
          <reporter-output>
          </reporter-output>
        </test-method> <!-- setup -->
        <test-method signature="verifylogindata(java.lang.String,java.lang.String,java.lang.String)[pri:0, instance:testCases.TC003_LoginDDT@33ecda92]" started-at="2024-12-19T13:08:21 IST" name="verifylogindata" data-provider="Logindata" finished-at="2024-12-19T13:08:43 IST" duration-ms="21107" status="PASS">
          <params>
            <param index="0">
              <value>
                <![CDATA[afqash@gmail.com]]>
              </value>
            </param>
            <param index="1">
              <value>
                <![CDATA[test1@123]]>
              </value>
            </param>
            <param index="2">
              <value>
                <![CDATA[Invalid]]>
              </value>
            </param>
          </params>
          <reporter-output>
          </reporter-output>
        </test-method> <!-- verifylogindata -->
        <test-method signature="verifylogindata(java.lang.String,java.lang.String,java.lang.String)[pri:0, instance:testCases.TC003_LoginDDT@33ecda92]" started-at="2024-12-19T13:08:43 IST" name="verifylogindata" data-provider="Logindata" finished-at="2024-12-19T13:09:04 IST" duration-ms="21200" status="PASS">
          <params>
            <param index="0">
              <value>
                <![CDATA[pavanoltraining@gmail.com]]>
              </value>
            </param>
            <param index="1">
              <value>
                <![CDATA[test@1234]]>
              </value>
            </param>
            <param index="2">
              <value>
                <![CDATA[Invalid]]>
              </value>
            </param>
          </params>
          <reporter-output>
          </reporter-output>
        </test-method> <!-- verifylogindata -->
        <test-method signature="verifylogindata(java.lang.String,java.lang.String,java.lang.String)[pri:0, instance:testCases.TC003_LoginDDT@33ecda92]" started-at="2024-12-19T13:09:04 IST" name="verifylogindata" data-provider="Logindata" finished-at="2024-12-19T13:09:25 IST" duration-ms="21406" status="PASS">
          <params>
            <param index="0">
              <value>
                <![CDATA[sai@gmail.com]]>
              </value>
            </param>
            <param index="1">
              <value>
                <![CDATA[ssa@123]]>
              </value>
            </param>
            <param index="2">
              <value>
                <![CDATA[Invalid]]>
              </value>
            </param>
          </params>
          <reporter-output>
          </reporter-output>
        </test-method> <!-- verifylogindata -->
        <test-method signature="verifylogindata(java.lang.String,java.lang.String,java.lang.String)[pri:0, instance:testCases.TC003_LoginDDT@33ecda92]" started-at="2024-12-19T13:09:25 IST" name="verifylogindata" data-provider="Logindata" finished-at="2024-12-19T13:09:46 IST" duration-ms="21263" status="PASS">
          <params>
            <param index="0">
              <value>
                <![CDATA[akhil@gmail.com]]>
              </value>
            </param>
            <param index="1">
              <value>
                <![CDATA[test@123]]>
              </value>
            </param>
            <param index="2">
              <value>
                <![CDATA[Invalid]]>
              </value>
            </param>
          </params>
          <reporter-output>
          </reporter-output>
        </test-method> <!-- verifylogindata -->
        <test-method signature="verifylogindata(java.lang.String,java.lang.String,java.lang.String)[pri:0, instance:testCases.TC003_LoginDDT@33ecda92]" started-at="2024-12-19T13:09:46 IST" name="verifylogindata" data-provider="Logindata" finished-at="2024-12-19T13:09:48 IST" duration-ms="1616" status="PASS">
          <params>
            <param index="0">
              <value>
                <![CDATA[yashwanthyadav010@gmail.com]]>
              </value>
            </param>
            <param index="1">
              <value>
                <![CDATA[Yash@123]]>
              </value>
            </param>
            <param index="2">
              <value>
                <![CDATA[valid]]>
              </value>
            </param>
          </params>
          <reporter-output>
          </reporter-output>
        </test-method> <!-- verifylogindata -->
        <test-method signature="verifylogindata(java.lang.String,java.lang.String,java.lang.String)[pri:0, instance:testCases.TC003_LoginDDT@33ecda92]" started-at="2024-12-19T13:09:48 IST" name="verifylogindata" data-provider="Logindata" finished-at="2024-12-19T13:09:50 IST" duration-ms="2129" status="PASS">
          <params>
            <param index="0">
              <value>
                <![CDATA[rajesh111@gmail.com]]>
              </value>
            </param>
            <param index="1">
              <value>
                <![CDATA[raj@123]]>
              </value>
            </param>
            <param index="2">
              <value>
                <![CDATA[valid]]>
              </value>
            </param>
          </params>
          <reporter-output>
          </reporter-output>
        </test-method> <!-- verifylogindata -->
        <test-method is-config="true" signature="teardown()[pri:0, instance:testCases.TC003_LoginDDT@33ecda92]" started-at="2024-12-19T13:09:50 IST" name="teardown" finished-at="2024-12-19T13:09:51 IST" duration-ms="500" status="PASS">
          <reporter-output>
          </reporter-output>
        </test-method> <!-- teardown -->
      </class> <!-- testCases.TC003_LoginDDT -->
      <class name="testCases.TC001_AccountRegistrationTest1">
        <test-method is-config="true" signature="setup(java.lang.String,java.lang.String)[pri:0, instance:testCases.TC001_AccountRegistrationTest1@5fb759d6]" started-at="2024-12-19T13:07:49 IST" name="setup" finished-at="2024-12-19T13:08:02 IST" duration-ms="12140" status="PASS">
          <params>
            <param index="0">
              <value>
                <![CDATA[chrome]]>
              </value>
            </param>
            <param index="1">
              <value>
                <![CDATA[windows]]>
              </value>
            </param>
          </params>
          <reporter-output>
          </reporter-output>
        </test-method> <!-- setup -->
        <test-method signature="accountregestrationtest()[pri:0, instance:testCases.TC001_AccountRegistrationTest1@5fb759d6]" started-at="2024-12-19T13:08:02 IST" name="accountregestrationtest" finished-at="2024-12-19T13:08:04 IST" duration-ms="2043" status="PASS">
          <reporter-output>
          </reporter-output>
        </test-method> <!-- accountregestrationtest -->
        <test-method is-config="true" signature="teardown()[pri:0, instance:testCases.TC001_AccountRegistrationTest1@5fb759d6]" started-at="2024-12-19T13:08:04 IST" name="teardown" finished-at="2024-12-19T13:08:04 IST" duration-ms="621" status="PASS">
          <reporter-output>
          </reporter-output>
        </test-method> <!-- teardown -->
      </class> <!-- testCases.TC001_AccountRegistrationTest1 -->
    </test> <!-- Test -->
  </suite> <!-- Suite -->
</testng-results>
